2024-10-02 17:59:29,523:INFO:Начало извлечения данных из ../data/transactions.xlsx
2024-10-02 17:59:29,679:INFO:Извлечение данных успешно завершено
2024-10-02 17:59:29,679:INFO:Начало трансформации данных
2024-10-02 17:59:29,680:INFO:Удалены пробелы в названиях столбцов
2024-10-02 17:59:29,682:INFO:Выбраны строки только с типом данных int у user_id
2024-10-02 17:59:29,692:INFO:Преобразование типов данных завершено
2024-10-02 17:59:29,698:INFO:Данные сгруппированы по 'transaction_id', 'user_id'
2024-10-02 17:59:29,701:INFO:Столбец transaction_type приведен к общему типу
2024-10-02 17:59:29,703:INFO:Выбраны строчки только с неотрицательной суммой транзакции
2024-10-02 17:59:29,708:INFO:Созданы новые поля: year, month, is_refund
2024-10-02 17:59:29,709:INFO:Трансформация данных успешно завершена
2024-10-02 17:59:29,709:INFO:Начало загрузки данных в базу данных SQLite
2024-10-02 17:59:29,725:INFO:Создан объект подключения к базе данных SQLite
2024-10-02 17:59:29,789:INFO:Подключение к базе данных успешно установлено
2024-10-02 17:59:29,828:INFO:Данные успешно загружены в базу данных
2024-10-02 17:59:29,830:INFO:Начало аналитического запроса
2024-10-02 17:59:29,836:INFO:Подключение к базе данных успешно установлено
2024-10-02 17:59:29,847:INFO:Запрос успешно выполнен
2024-10-02 17:59:29,848:INFO:Директория output успешно создана
2024-10-02 17:59:29,856:INFO:Результаты запроса успешно сохранены в output/uniq_users_purchases.csv
